<?xml version="1.0" encoding="UTF-8"?>
<!-- Generated by org.testng.reporters.JUnitReportReporter -->
<testsuite hostname="Chukki_Laptop" failures="0" tests="1" name="com.abc.demo.TESTNGANNOTATIONS.Signout" time="0.002" errors="0" timestamp="2023-10-26T20:09:26 IST" skipped="0">
  <testcase classname="com.abc.demo.TESTNGANNOTATIONS.Signout" name="checkForSignout" time="0.002"/>
</testsuite> <!-- com.abc.demo.TESTNGANNOTATIONS.Signout -->
