<?xml version="1.0" encoding="UTF-8"?>
<!-- Generated by org.testng.reporters.JUnitReportReporter -->
<testsuite hostname="Chukki_Laptop" failures="0" tests="4" name="com.abc.includeAndExclude.Facebook" time="0.020" errors="0" timestamp="2023-11-16T22:46:06 IST" skipped="0">
  <testcase classname="com.abc.includeAndExclude.Facebook" name="loginWithValidData" time="0.003"/>
  <testcase classname="com.abc.includeAndExclude.Facebook" name="searchWithInalidData" time="0.001"/>
  <testcase classname="com.abc.includeAndExclude.Facebook" name="searchWithValidData" time="0.004"/>
  <testcase classname="com.abc.includeAndExclude.Facebook" name="loginWithInvalidData" time="0.012"/>
</testsuite> <!-- com.abc.includeAndExclude.Facebook -->
