<?xml version="1.0" encoding="UTF-8"?>
<!-- Generated by org.testng.reporters.JUnitReportReporter -->
<testsuite hostname="Chukki_Laptop" failures="0" tests="4" name="com.abc.dataprovider.Login" time="338.456" errors="0" timestamp="2023-10-28T13:44:06 IST" skipped="0">
  <testcase classname="com.abc.dataprovider.Login" name="checkLoginPage" time="84.949"/>
  <testcase classname="com.abc.dataprovider.Login" name="checkLoginPage" time="84.420"/>
  <testcase classname="com.abc.dataprovider.Login" name="checkLoginPage" time="85.170"/>
  <testcase classname="com.abc.dataprovider.Login" name="checkLoginPage" time="83.917"/>
</testsuite> <!-- com.abc.dataprovider.Login -->
