<?xml version="1.0" encoding="UTF-8"?>
<!-- Generated by org.testng.reporters.JUnitReportReporter -->
<testsuite hostname="Chukki_Laptop" failures="0" tests="2" name="com.abc.demo.TESTNGANNOTATIONS.Signin" time="0.016" errors="0" timestamp="2023-10-26T20:09:26 IST" skipped="0">
  <testcase classname="com.abc.demo.TESTNGANNOTATIONS.Signin" name="checkForValidData" time="0.005"/>
  <testcase classname="com.abc.demo.TESTNGANNOTATIONS.Signin" name="checkForInValidData" time="0.011"/>
</testsuite> <!-- com.abc.demo.TESTNGANNOTATIONS.Signin -->
