<?xml version="1.0" encoding="UTF-8"?>
<!-- Generated by org.testng.reporters.JUnitReportReporter -->
<testsuite hostname="Chukki_Laptop" failures="0" tests="1" name="com.abc.parametrization.Facebook" time="5.963" errors="0" timestamp="2023-11-01T16:44:21 IST" skipped="0">
  <testcase classname="com.abc.parametrization.Facebook" name="invalidData" time="5.963"/>
</testsuite> <!-- com.abc.parametrization.Facebook -->
