<?xml version="1.0" encoding="UTF-8"?>
<!-- Generated by org.testng.reporters.JUnitReportReporter -->
<testsuite hostname="Udays-MacBook-Pro.local" failures="0" tests="4" name="com.abc.dataprovider.DataProviderConcept" time="55.386" errors="0" timestamp="2023-10-24T20:21:37 GMT-07:00" skipped="0">
  <testcase classname="com.abc.dataprovider.DataProviderConcept" name="checkLoginPage" time="13.626"/>
  <testcase classname="com.abc.dataprovider.DataProviderConcept" name="checkLoginPage" time="13.799"/>
  <testcase classname="com.abc.dataprovider.DataProviderConcept" name="checkLoginPage" time="14.391"/>
  <testcase classname="com.abc.dataprovider.DataProviderConcept" name="checkLoginPage" time="13.570"/>
</testsuite> <!-- com.abc.dataprovider.DataProviderConcept -->
