<?xml version="1.0" encoding="UTF-8"?>
<!-- Generated by org.testng.reporters.JUnitReportReporter -->
<testsuite hostname="Chukki_Laptop" failures="0" tests="2" name="com.abc.trial.Acaders" time="12.568" errors="0" timestamp="2023-11-15T14:18:29 IST" skipped="0">
  <testcase classname="com.abc.trial.Acaders" name="End" time="0.019"/>
  <testcase classname="com.abc.trial.Acaders" name="signin" time="12.549"/>
</testsuite> <!-- com.abc.trial.Acaders -->
